<?xml version="1.0" encoding="UTF-8"?>
<testsuite xmlns:xsi="http://www.w3.org/2001/XMLSchema-instance" xsi:noNamespaceSchemaLocation="https://maven.apache.org/surefire/maven-surefire-plugin/xsd/surefire-test-report.xsd" name="com.pz.crowd.test.TxTest" time="4.408" tests="1" errors="0" skipped="0" failures="0">
  <properties>
    <property name="java.specification.version" value="14"/>
    <property name="sun.jnu.encoding" value="UTF-8"/>
    <property name="java.class.path" value="/Users/penzher/IdeaProjects/pzcrowdfunding01-admin-parent/pzcrowdfunding02-admin-webui/target/test-classes:/Users/penzher/IdeaProjects/pzcrowdfunding01-admin-parent/pzcrowdfunding02-admin-webui/target/classes:/Users/penzher/.m2/repository/junit/junit/4.13/junit-4.13.jar:/Users/penzher/.m2/repository/org/hamcrest/hamcrest-core/1.3/hamcrest-core-1.3.jar:/Users/penzher/.m2/repository/org/springframework/spring-test/5.2.5.RELEASE/spring-test-5.2.5.RELEASE.jar:/Users/penzher/.m2/repository/org/springframework/spring-core/5.2.5.RELEASE/spring-core-5.2.5.RELEASE.jar:/Users/penzher/.m2/repository/org/springframework/spring-jcl/5.2.5.RELEASE/spring-jcl-5.2.5.RELEASE.jar:/Users/penzher/IdeaProjects/pzcrowdfunding01-admin-parent/pzcrowdfunding03-admin-component/target/pzcrowdfunding03-admin-component-1.0-SNAPSHOT.jar:/Users/penzher/IdeaProjects/pzcrowdfunding01-admin-parent/pzcrowdfunding04-admin-entity/target/pzcrowdfunding04-admin-entity-1.0-SNAPSHOT.jar:/Users/penzher/.m2/repository/com/pz/pzcrowdfunding05-admin-util/1.0-SNAPSHOT/pzcrowdfunding05-admin-util-1.0-SNAPSHOT.jar:/Users/penzher/.m2/repository/org/springframework/spring-orm/5.2.5.RELEASE/spring-orm-5.2.5.RELEASE.jar:/Users/penzher/.m2/repository/org/springframework/spring-beans/5.2.5.RELEASE/spring-beans-5.2.5.RELEASE.jar:/Users/penzher/.m2/repository/org/springframework/spring-jdbc/5.2.5.RELEASE/spring-jdbc-5.2.5.RELEASE.jar:/Users/penzher/.m2/repository/org/springframework/spring-tx/5.2.5.RELEASE/spring-tx-5.2.5.RELEASE.jar:/Users/penzher/.m2/repository/org/springframework/spring-webmvc/5.2.5.RELEASE/spring-webmvc-5.2.5.RELEASE.jar:/Users/penzher/.m2/repository/org/springframework/spring-aop/5.2.5.RELEASE/spring-aop-5.2.5.RELEASE.jar:/Users/penzher/.m2/repository/org/springframework/spring-context/5.2.5.RELEASE/spring-context-5.2.5.RELEASE.jar:/Users/penzher/.m2/repository/org/springframework/spring-expression/5.2.5.RELEASE/spring-expression-5.2.5.RELEASE.jar:/Users/penzher/.m2/repository/org/springframework/spring-web/5.2.5.RELEASE/spring-web-5.2.5.RELEASE.jar:/Users/penzher/.m2/repository/org/aspectj/aspectjweaver/1.9.5/aspectjweaver-1.9.5.jar:/Users/penzher/.m2/repository/cglib/cglib/3.3.0/cglib-3.3.0.jar:/Users/penzher/.m2/repository/org/ow2/asm/asm/7.1/asm-7.1.jar:/Users/penzher/.m2/repository/mysql/mysql-connector-java/8.0.19/mysql-connector-java-8.0.19.jar:/Users/penzher/.m2/repository/com/google/protobuf/protobuf-java/3.6.1/protobuf-java-3.6.1.jar:/Users/penzher/.m2/repository/com/alibaba/druid/1.1.22/druid-1.1.22.jar:/Users/penzher/.m2/repository/org/mybatis/mybatis/3.5.4/mybatis-3.5.4.jar:/Users/penzher/.m2/repository/org/mybatis/mybatis-spring/2.0.4/mybatis-spring-2.0.4.jar:/Users/penzher/.m2/repository/com/github/pagehelper/pagehelper/5.1.11/pagehelper-5.1.11.jar:/Users/penzher/.m2/repository/com/github/jsqlparser/jsqlparser/2.0/jsqlparser-2.0.jar:/Users/penzher/.m2/repository/com/fasterxml/jackson/core/jackson-core/2.10.3/jackson-core-2.10.3.jar:/Users/penzher/.m2/repository/com/fasterxml/jackson/core/jackson-databind/2.10.3/jackson-databind-2.10.3.jar:/Users/penzher/.m2/repository/com/fasterxml/jackson/core/jackson-annotations/2.10.3/jackson-annotations-2.10.3.jar:/Users/penzher/.m2/repository/jstl/jstl/1.2/jstl-1.2.jar:/Users/penzher/.m2/repository/com/google/code/gson/gson/2.8.6/gson-2.8.6.jar:/Users/penzher/.m2/repository/org/slf4j/slf4j-api/1.7.7/slf4j-api-1.7.7.jar:/Users/penzher/.m2/repository/ch/qos/logback/logback-classic/1.2.3/logback-classic-1.2.3.jar:/Users/penzher/.m2/repository/ch/qos/logback/logback-core/1.2.3/logback-core-1.2.3.jar:/Users/penzher/.m2/repository/javax/servlet/jsp/javax.servlet.jsp-api/2.3.3/javax.servlet.jsp-api-2.3.3.jar:/Users/penzher/.m2/repository/javax/servlet/servlet-api/2.5/servlet-api-2.5.jar:"/>
    <property name="java.vm.vendor" value="Oracle Corporation"/>
    <property name="sun.arch.data.model" value="64"/>
    <property name="java.vendor.url" value="https://java.oracle.com/"/>
    <property name="os.name" value="Mac OS X"/>
    <property name="java.vm.specification.version" value="14"/>
    <property name="sun.java.launcher" value="SUN_STANDARD"/>
    <property name="user.country" value="CN"/>
    <property name="sun.boot.library.path" value="/Library/Java/JavaVirtualMachines/jdk-14.jdk/Contents/Home/lib"/>
    <property name="sun.java.command" value="/Users/penzher/IdeaProjects/pzcrowdfunding01-admin-parent/pzcrowdfunding02-admin-webui/target/surefire/surefirebooter7930020017499777011.jar /Users/penzher/IdeaProjects/pzcrowdfunding01-admin-parent/pzcrowdfunding02-admin-webui/target/surefire 2020-04-27T17-11-56_213-jvmRun1 surefire2604444752314997345tmp surefire_011469150074083427674tmp"/>
    <property name="jdk.debug" value="release"/>
    <property name="surefire.test.class.path" value="/Users/penzher/IdeaProjects/pzcrowdfunding01-admin-parent/pzcrowdfunding02-admin-webui/target/test-classes:/Users/penzher/IdeaProjects/pzcrowdfunding01-admin-parent/pzcrowdfunding02-admin-webui/target/classes:/Users/penzher/.m2/repository/junit/junit/4.13/junit-4.13.jar:/Users/penzher/.m2/repository/org/hamcrest/hamcrest-core/1.3/hamcrest-core-1.3.jar:/Users/penzher/.m2/repository/org/springframework/spring-test/5.2.5.RELEASE/spring-test-5.2.5.RELEASE.jar:/Users/penzher/.m2/repository/org/springframework/spring-core/5.2.5.RELEASE/spring-core-5.2.5.RELEASE.jar:/Users/penzher/.m2/repository/org/springframework/spring-jcl/5.2.5.RELEASE/spring-jcl-5.2.5.RELEASE.jar:/Users/penzher/IdeaProjects/pzcrowdfunding01-admin-parent/pzcrowdfunding03-admin-component/target/pzcrowdfunding03-admin-component-1.0-SNAPSHOT.jar:/Users/penzher/IdeaProjects/pzcrowdfunding01-admin-parent/pzcrowdfunding04-admin-entity/target/pzcrowdfunding04-admin-entity-1.0-SNAPSHOT.jar:/Users/penzher/.m2/repository/com/pz/pzcrowdfunding05-admin-util/1.0-SNAPSHOT/pzcrowdfunding05-admin-util-1.0-SNAPSHOT.jar:/Users/penzher/.m2/repository/org/springframework/spring-orm/5.2.5.RELEASE/spring-orm-5.2.5.RELEASE.jar:/Users/penzher/.m2/repository/org/springframework/spring-beans/5.2.5.RELEASE/spring-beans-5.2.5.RELEASE.jar:/Users/penzher/.m2/repository/org/springframework/spring-jdbc/5.2.5.RELEASE/spring-jdbc-5.2.5.RELEASE.jar:/Users/penzher/.m2/repository/org/springframework/spring-tx/5.2.5.RELEASE/spring-tx-5.2.5.RELEASE.jar:/Users/penzher/.m2/repository/org/springframework/spring-webmvc/5.2.5.RELEASE/spring-webmvc-5.2.5.RELEASE.jar:/Users/penzher/.m2/repository/org/springframework/spring-aop/5.2.5.RELEASE/spring-aop-5.2.5.RELEASE.jar:/Users/penzher/.m2/repository/org/springframework/spring-context/5.2.5.RELEASE/spring-context-5.2.5.RELEASE.jar:/Users/penzher/.m2/repository/org/springframework/spring-expression/5.2.5.RELEASE/spring-expression-5.2.5.RELEASE.jar:/Users/penzher/.m2/repository/org/springframework/spring-web/5.2.5.RELEASE/spring-web-5.2.5.RELEASE.jar:/Users/penzher/.m2/repository/org/aspectj/aspectjweaver/1.9.5/aspectjweaver-1.9.5.jar:/Users/penzher/.m2/repository/cglib/cglib/3.3.0/cglib-3.3.0.jar:/Users/penzher/.m2/repository/org/ow2/asm/asm/7.1/asm-7.1.jar:/Users/penzher/.m2/repository/mysql/mysql-connector-java/8.0.19/mysql-connector-java-8.0.19.jar:/Users/penzher/.m2/repository/com/google/protobuf/protobuf-java/3.6.1/protobuf-java-3.6.1.jar:/Users/penzher/.m2/repository/com/alibaba/druid/1.1.22/druid-1.1.22.jar:/Users/penzher/.m2/repository/org/mybatis/mybatis/3.5.4/mybatis-3.5.4.jar:/Users/penzher/.m2/repository/org/mybatis/mybatis-spring/2.0.4/mybatis-spring-2.0.4.jar:/Users/penzher/.m2/repository/com/github/pagehelper/pagehelper/5.1.11/pagehelper-5.1.11.jar:/Users/penzher/.m2/repository/com/github/jsqlparser/jsqlparser/2.0/jsqlparser-2.0.jar:/Users/penzher/.m2/repository/com/fasterxml/jackson/core/jackson-core/2.10.3/jackson-core-2.10.3.jar:/Users/penzher/.m2/repository/com/fasterxml/jackson/core/jackson-databind/2.10.3/jackson-databind-2.10.3.jar:/Users/penzher/.m2/repository/com/fasterxml/jackson/core/jackson-annotations/2.10.3/jackson-annotations-2.10.3.jar:/Users/penzher/.m2/repository/jstl/jstl/1.2/jstl-1.2.jar:/Users/penzher/.m2/repository/com/google/code/gson/gson/2.8.6/gson-2.8.6.jar:/Users/penzher/.m2/repository/org/slf4j/slf4j-api/1.7.7/slf4j-api-1.7.7.jar:/Users/penzher/.m2/repository/ch/qos/logback/logback-classic/1.2.3/logback-classic-1.2.3.jar:/Users/penzher/.m2/repository/ch/qos/logback/logback-core/1.2.3/logback-core-1.2.3.jar:/Users/penzher/.m2/repository/javax/servlet/jsp/javax.servlet.jsp-api/2.3.3/javax.servlet.jsp-api-2.3.3.jar:/Users/penzher/.m2/repository/javax/servlet/servlet-api/2.5/servlet-api-2.5.jar:"/>
    <property name="sun.cpu.endian" value="little"/>
    <property name="user.home" value="/Users/penzher"/>
    <property name="user.language" value="zh"/>
    <property name="java.specification.vendor" value="Oracle Corporation"/>
    <property name="java.version.date" value="2020-03-17"/>
    <property name="java.home" value="/Library/Java/JavaVirtualMachines/jdk-14.jdk/Contents/Home"/>
    <property name="file.separator" value="/"/>
    <property name="basedir" value="/Users/penzher/IdeaProjects/pzcrowdfunding01-admin-parent/pzcrowdfunding02-admin-webui"/>
    <property name="java.vm.compressedOopsMode" value="Zero based"/>
    <property name="line.separator" value="&#10;"/>
    <property name="java.vm.specification.vendor" value="Oracle Corporation"/>
    <property name="java.specification.name" value="Java Platform API Specification"/>
    <property name="surefire.real.class.path" value="/Users/penzher/IdeaProjects/pzcrowdfunding01-admin-parent/pzcrowdfunding02-admin-webui/target/surefire/surefirebooter7930020017499777011.jar"/>
    <property name="user.script" value="Hans"/>
    <property name="sun.management.compiler" value="HotSpot 64-Bit Tiered Compilers"/>
    <property name="java.runtime.version" value="14+36-1461"/>
    <property name="user.name" value="penzher"/>
    <property name="path.separator" value=":"/>
    <property name="os.version" value="10.15.4"/>
    <property name="java.runtime.name" value="Java(TM) SE Runtime Environment"/>
    <property name="file.encoding" value="UTF-8"/>
    <property name="java.vm.name" value="Java HotSpot(TM) 64-Bit Server VM"/>
    <property name="localRepository" value="/Users/penzher/.m2/repository"/>
    <property name="java.vendor.url.bug" value="https://bugreport.java.com/bugreport/"/>
    <property name="java.io.tmpdir" value="/var/folders/5w/r9ktv4ln2cgc6v6kjg_64x6m0000gn/T/"/>
    <property name="java.version" value="14"/>
    <property name="user.dir" value="/Users/penzher/IdeaProjects/pzcrowdfunding01-admin-parent/pzcrowdfunding02-admin-webui"/>
    <property name="os.arch" value="x86_64"/>
    <property name="java.vm.specification.name" value="Java Virtual Machine Specification"/>
    <property name="java.library.path" value="/Users/penzher/Library/Java/Extensions:/Library/Java/Extensions:/Network/Library/Java/Extensions:/System/Library/Java/Extensions:/usr/lib/java:."/>
    <property name="java.vm.info" value="mixed mode, sharing"/>
    <property name="java.vendor" value="Oracle Corporation"/>
    <property name="java.vm.version" value="14+36-1461"/>
    <property name="sun.io.unicode.encoding" value="UnicodeBig"/>
    <property name="java.class.version" value="58.0"/>
  </properties>
  <testcase name="saveAdminTxTest" classname="com.pz.crowd.test.TxTest" time="1.289"/>
</testsuite>